<?xml version="1.0" encoding="UTF-8"?>
<!-- Generated by org.testng.reporters.JUnitReportReporter -->
<testsuite skipped="0" hostname="DESKTOP-MM2H483" name="Inf.admintestcases.NewTest" tests="1" failures="0" timestamp="17 Apr 2021 05:59:37 GMT" time="37.271" errors="0">
  <testcase name="firsturl" time="37.271" classname="Inf.admintestcases.NewTest"/>
</testsuite> <!-- Inf.admintestcases.NewTest -->
