<?xml version="1.0" encoding="UTF-8"?>
<!-- Generated by org.testng.reporters.JUnitReportReporter -->
<testsuite skipped="0" hostname="DESKTOP-MM2H483" name="Inf.admintestcases.frontofficetest" tests="2" failures="0" timestamp="24 Apr 2021 10:09:38 GMT" time="76.133" errors="0">
  <testcase name="checktitletest" time="28.462" classname="Inf.admintestcases.frontofficetest"/>
  <testcase name="clickvisitorbook" time="47.671" classname="Inf.admintestcases.frontofficetest"/>
</testsuite> <!-- Inf.admintestcases.frontofficetest -->
