<?xml version="1.0" encoding="UTF-8"?>
<!-- Generated by org.testng.reporters.JUnitReportReporter -->
<testsuite skipped="0" hostname="DESKTOP-MM2H483" name="Inf.admintestcases.logintestcase" tests="3" failures="0" timestamp="24 Apr 2021 10:09:38 GMT" time="58.364" errors="0">
  <testcase name="titletest" time="17.764" classname="Inf.admintestcases.logintestcase"/>
  <testcase name="logotest" time="12.626" classname="Inf.admintestcases.logintestcase"/>
  <testcase name="logintest" time="27.974" classname="Inf.admintestcases.logintestcase"/>
</testsuite> <!-- Inf.admintestcases.logintestcase -->
