<?xml version="1.0" encoding="UTF-8"?>
<!-- Generated by org.testng.reporters.JUnitReportReporter -->
<testsuite skipped="0" hostname="DESKTOP-MM2H483" name="Inf.admintestcases.homepagetest" tests="3" failures="0" timestamp="24 Apr 2021 10:09:38 GMT" time="99.609" errors="0">
  <testcase name="checktitletest" time="27.446" classname="Inf.admintestcases.homepagetest"/>
  <testcase name="checkuserlabel" time="24.607" classname="Inf.admintestcases.homepagetest"/>
  <testcase name="checkfrontofficeclick" time="47.556" classname="Inf.admintestcases.homepagetest"/>
</testsuite> <!-- Inf.admintestcases.homepagetest -->
