<?xml version="1.0" encoding="UTF-8"?>
<!-- Generated by org.testng.reporters.JUnitReportReporter -->
<testsuite skipped="0" hostname="DESKTOP-MM2H483" name="Inf.admintestcases.logintestcase" tests="3" failures="0" timestamp="19 Apr 2021 11:13:08 GMT" time="82.725" errors="0">
  <testcase name="titletest" time="15.106" classname="Inf.admintestcases.logintestcase"/>
  <testcase name="logotest" time="19.190" classname="Inf.admintestcases.logintestcase"/>
  <testcase name="logintest" time="48.429" classname="Inf.admintestcases.logintestcase"/>
</testsuite> <!-- Inf.admintestcases.logintestcase -->
